#
# A fatal error has been detected by the Java Runtime Environment:
#
#  EXCEPTION_ACCESS_VIOLATION (0xc0000005) at pc=0x0000017bae869b4a, pid=14176, tid=11860
#
# JRE version: OpenJDK Runtime Environment (17.0.10) (build 17.0.10+0--11572160)
# Java VM: OpenJDK 64-Bit Server VM (17.0.10+0--11572160, mixed mode, tiered, compressed oops, compressed class ptrs, g1 gc, windows-amd64)
# Problematic frame:
# J 594 c1 jdk.internal.misc.Unsafe.pickPos(II)I java.base@17.0.10 (14 bytes) @ 0x0000017bae869b4a [0x0000017bae869b20+0x000000000000002a]
#
# No core dump will be written. Minidumps are not enabled by default on client versions of Windows
#
# If you would like to submit a bug report, please visit:
#   https://bugreport.java.com/bugreport/crash.jsp
#

---------------  S U M M A R Y ------------

Command Line: org.jetbrains.kotlin.cli.jvm.K2JVMCompiler @D:\Android\IraniTour\app\build\20240517_12629369780587907312.compiler.options

Host: 11th Gen Intel(R) Core(TM) i7-11800H @ 2.30GHz, 16 cores, 15G,  Windows 11 , 64 bit Build 22621 (10.0.22621.3527)
Time: Fri May 17 16:10:06 2024 Iran Standard Time elapsed time: 0.299241 seconds (0d 0h 0m 0s)

---------------  T H R E A D  ---------------

Current thread (0x0000017bab28d790):  JavaThread "main" [_thread_in_Java, id=11860, stack(0x00000015feb00000,0x00000015fec00000)]

Stack: [0x00000015feb00000,0x00000015fec00000],  sp=0x00000015febfd6c8,  free space=1013k
Native frames: (J=compiled Java code, j=interpreted, Vv=VM code, C=native code)
C  0x0000017bae869b4a

The last pc belongs to nmethod (printed below).

siginfo: EXCEPTION_ACCESS_VIOLATION (0xc0000005), writing address 0x0000017b4f1cc4ee


Registers:
RAX=0x0000017bcb0dc3cc, RBX=0x0000017bcb0dc3f0, RCX=0x0000017bcb141200, RDX=0x0000000000000008
RSP=0x00000015febfd6c8, RBP=0x00000015febfd738, RSI=0x000000000000007a, RDI=0x0000000000000110
R8 =0x0000000000000000, R9 =0x00000000000003e2, R10=0x00007ff8b21c6590, R11=0x0000017bae869b20
R12=0x0000000000000000, R13=0x00000015febfd6d8, R14=0x00000015febfd750, R15=0x0000017bab28d790
RIP=0x0000017bae869b4a, EFLAGS=0x0000000000010286


Register to memory mapping:

RIP=0x0000017bae869b4a is at entry_point+42 in (nmethod*)0x0000017bae869990
Compiled method (c1)     301  594       3       jdk.internal.misc.Unsafe::pickPos (14 bytes)
 total in heap  [0x0000017bae869990,0x0000017bae869c68] = 728
 relocation     [0x0000017bae869ae8,0x0000017bae869b18] = 48
 main code      [0x0000017bae869b20,0x0000017bae869be0] = 192
 stub code      [0x0000017bae869be0,0x0000017bae869c18] = 56
 metadata       [0x0000017bae869c18,0x0000017bae869c20] = 8
 scopes data    [0x0000017bae869c20,0x0000017bae869c30] = 16
 scopes pcs     [0x0000017bae869c30,0x0000017bae869c60] = 48
 dependencies   [0x0000017bae869c60,0x0000017bae869c68] = 8
RAX=0x0000017bcb0dc3cc is pointing into metadata
RBX={method} {0x0000017bcb0dc3f8} 'pickPos' '(II)I' in 'jdk/internal/misc/Unsafe'
RCX=0x0000017bcb141200 is pointing into metadata
RDX=0x0000000000000008 is an unknown value
RSP=0x00000015febfd6c8 is pointing into the stack for thread: 0x0000017bab28d790
RBP=0x00000015febfd738 is pointing into the stack for thread: 0x0000017bab28d790
RSI=0x000000000000007a is an unknown value
RDI=0x0000000000000110 is an unknown value
R8 =0x0 is NULL
R9 =0x00000000000003e2 is an unknown value
R10=0x00007ff8b21c6590 jvm.dll
R11=0x0000017bae869b20 is at entry_point+0 in (nmethod*)0x0000017bae869990
Compiled method (c1)     304  594       3       jdk.internal.misc.Unsafe::pickPos (14 bytes)
 total in heap  [0x0000017bae869990,0x0000017bae869c68] = 728
 relocation     [0x0000017bae869ae8,0x0000017bae869b18] = 48
 main code      [0x0000017bae869b20,0x0000017bae869be0] = 192
 stub code      [0x0000017bae869be0,0x0000017bae869c18] = 56
 metadata       [0x0000017bae869c18,0x0000017bae869c20] = 8
 scopes data    [0x0000017bae869c20,0x0000017bae869c30] = 16
 scopes pcs     [0x0000017bae869c30,0x0000017bae869c60] = 48
 dependencies   [0x0000017bae869c60,0x0000017bae869c68] = 8
R12=0x0 is NULL
R13=0x00000015febfd6d8 is pointing into the stack for thread: 0x0000017bab28d790
R14=0x00000015febfd750 is pointing into the stack for thread: 0x0000017bab28d790
R15=0x0000017bab28d790 is a thread


Top of Stack: (sp=0x00000015febfd6c8)
0x00000015febfd6c8:   0000017bb5bb9612 0000017bb5bb9612
0x00000015febfd6d8:   0000000000000000 0000000000000008
0x00000015febfd6e8:   0000000000000001 00000015febfd6f0
0x00000015febfd6f8:   0000017bcb0dc9c7 00000015febfd750
0x00000015febfd708:   0000017bcb141200 0000000000000000
0x00000015febfd718:   0000000712424888 0000017bcb0dca00
0x00000015febfd728:   00000015febfd6d8 00000015febfd748
0x00000015febfd738:   00000015febfd7a0 0000017bb5bb9612
0x00000015febfd748:   0000000000000046 0000000000000001
0x00000015febfd758:   00000015febfd758 0000017bcb0db775
0x00000015febfd768:   00000015febfd7c8 0000017bcb141200
0x00000015febfd778:   0000000000000000 0000000712424888
0x00000015febfd788:   0000017bcb0db7b8 00000015febfd748
0x00000015febfd798:   00000015febfd7b0 00000015febfd820
0x00000015febfd7a8:   0000017bb5bb9612 00000000000003e1
0x00000015febfd7b8:   0000000000000000 0000000712400d10
0x00000015febfd7c8:   00000007124344d8 0000000000000001
0x00000015febfd7d8:   00000015febfd7d8 0000017bcb0db865
0x00000015febfd7e8:   00000015febfd850 0000017bcb141200
0x00000015febfd7f8:   0000000000000000 0000000712424888
0x00000015febfd808:   0000017bcb0db8a8 00000015febfd7b0
0x00000015febfd818:   00000015febfd830 00000015febfd8a0
0x00000015febfd828:   0000017bb5bb9612 0000000000000001
0x00000015febfd838:   00000000000003e1 0000000000000000
0x00000015febfd848:   0000000712400d10 00000007124344d8
0x00000015febfd858:   00000015febfd858 0000017bcb24cc91
0x00000015febfd868:   00000015febfd8e8 0000017bcb263aa8
0x00000015febfd878:   0000000000000000 0000000712251eb8
0x00000015febfd888:   0000017bcb24cd10 00000015febfd830
0x00000015febfd898:   00000015febfd8c0 00000015febfd938
0x00000015febfd8a8:   0000017bb5bb9612 0000000000000000
0x00000015febfd8b8:   0000000000000000 0000000000000001 

Instructions: (pc=0x0000017bae869b4a)
0x0000017bae869a4a:   00 00 00 00 00 00 ff ff ff ff 00 00 00 00 00 00
0x0000017bae869a5a:   00 00 00 00 00 00 00 00 00 00 00 00 00 00 20 9b
0x0000017bae869a6a:   86 ae 7b 01 00 00 20 9b 86 ae 7b 01 00 00 20 9b
0x0000017bae869a7a:   86 ae 7b 01 00 00 50 02 00 00 20 02 00 00 90 01
0x0000017bae869a8a:   00 00 50 02 00 00 88 02 00 00 88 02 00 00 00 00
0x0000017bae869a9a:   00 00 a0 02 00 00 d0 02 00 00 d8 02 00 00 d8 02
0x0000017bae869aaa:   00 00 d8 02 00 00 d8 02 00 00 d8 02 00 00 d8 02
0x0000017bae869aba:   00 00 20 00 00 00 52 02 00 00 03 00 00 00 00 00
0x0000017bae869aca:   00 00 02 00 00 00 00 00 00 00 00 00 00 00 e0 01
0x0000017bae869ada:   00 00 02 00 00 00 ff ff ff ff ff ff ff ff 0c c0
0x0000017bae869aea:   28 c0 18 b0 0e c0 17 64 2c f0 07 80 11 64 29 64
0x0000017bae869afa:   0e 00 00 64 03 f8 f4 b1 a0 7d f8 7f 05 70 0e 60
0x0000017bae869b0a:   01 f8 7e ff 0e 90 0c 64 00 00 00 00 00 00 00 00
0x0000017bae869b1a:   00 00 00 00 00 00 89 84 24 00 90 ff ff 55 48 83
0x0000017bae869b2a:   ec 30 48 b8 98 44 b4 cb 7b 01 00 00 8b b0 cc 00
0x0000017bae869b3a:   00 00 83 c6 02 89 b0 cc 00 00 00 81 e6 fe 07 00
0x0000017bae869b4a:   00 83 fe 00 0f 84 26 00 00 00 48 b8 98 44 b4 cb
0x0000017bae869b5a:   7b 01 00 00 ff 80 10 01 00 00 49 8b c0 48 83 c4
0x0000017bae869b6a:   30 5d 49 3b a7 50 03 00 00 0f 87 1f 00 00 00 c3
0x0000017bae869b7a:   49 ba f0 c3 0d cb 7b 01 00 00 4c 89 54 24 08 48
0x0000017bae869b8a:   c7 04 24 ff ff ff ff e8 ea 38 44 07 eb bc 49 ba
0x0000017bae869b9a:   6c 9b 86 ae 7b 01 00 00 4d 89 97 68 03 00 00 e9
0x0000017bae869baa:   d2 f3 39 07 90 90 49 8b 87 e0 03 00 00 49 c7 87
0x0000017bae869bba:   e0 03 00 00 00 00 00 00 49 c7 87 e8 03 00 00 00
0x0000017bae869bca:   00 00 00 48 83 c4 30 5d e9 29 ea 3a 07 f4 f4 f4
0x0000017bae869bda:   f4 f4 f4 f4 f4 f4 e8 1b fc 43 07 48 b9 a0 7d f4
0x0000017bae869bea:   b1 f8 7f 00 00 48 83 e4 f0 49 ba f0 e4 bc b1 f8
0x0000017bae869bfa:   7f 00 00 41 ff d2 f4 49 ba 01 9c 86 ae 7b 01 00
0x0000017bae869c0a:   00 41 52 e9 0e 08 3a 07 f4 f4 f4 f4 f4 f4 f0 c3
0x0000017bae869c1a:   0d cb 7b 01 00 00 ff 02 00 93 00 d3 05 00 01 00
0x0000017bae869c2a:   01 00 00 00 00 00 ff ff ff ff 00 00 00 00 00 00
0x0000017bae869c3a:   00 00 00 00 00 00 76 00 00 00 07 00 00 00 00 00 


Stack slot to memory mapping:
stack at sp + 0 slots: 0x0000017bb5bb9612 is at code_begin+1394 in an Interpreter codelet
return entry points  [0x0000017bb5bb90a0, 0x0000017bb5bb9ba0]  2816 bytes
stack at sp + 1 slots: 0x0000017bb5bb9612 is at code_begin+1394 in an Interpreter codelet
return entry points  [0x0000017bb5bb90a0, 0x0000017bb5bb9ba0]  2816 bytes
stack at sp + 2 slots: 0x0 is NULL
stack at sp + 3 slots: 0x0000000000000008 is an unknown value
stack at sp + 4 slots: 0x0000000000000001 is an unknown value
stack at sp + 5 slots: 0x00000015febfd6f0 is pointing into the stack for thread: 0x0000017bab28d790
stack at sp + 6 slots: 0x0000017bcb0dc9c7 is pointing into metadata
stack at sp + 7 slots: 0x00000015febfd750 is pointing into the stack for thread: 0x0000017bab28d790


Compiled method (c1)     309  594       3       jdk.internal.misc.Unsafe::pickPos (14 bytes)
 total in heap  [0x0000017bae869990,0x0000017bae869c68] = 728
 relocation     [0x0000017bae869ae8,0x0000017bae869b18] = 48
 main code      [0x0000017bae869b20,0x0000017bae869be0] = 192
 stub code      [0x0000017bae869be0,0x0000017bae869c18] = 56
 metadata       [0x0000017bae869c18,0x0000017bae869c20] = 8
 scopes data    [0x0000017bae869c20,0x0000017bae869c30] = 16
 scopes pcs     [0x0000017bae869c30,0x0000017bae869c60] = 48
 dependencies   [0x0000017bae869c60,0x0000017bae869c68] = 8

[Constant Pool (empty)]

[MachCode]
[Verified Entry Point]
  # {method} {0x0000017bcb0dc3f8} 'pickPos' '(II)I' in 'jdk/internal/misc/Unsafe'
  # parm0:    rdx       = int
  # parm1:    r8        = int
  #           [sp+0x40]  (sp of caller)
  0x0000017bae869b20: 8984 2400 | 90ff ff55 | 4883 ec30 

  0x0000017bae869b2c: ;   {metadata(method data for {method} {0x0000017bcb0dc3f8} 'pickPos' '(II)I' in 'jdk/internal/misc/Unsafe')}
  0x0000017bae869b2c: 48b8 9844 | b4cb 7b01 | 0000 8bb0 | cc00 0000 | 83c6 0289 | b0cc 0000 | 0081 e6fe | 0700 0083 
  0x0000017bae869b4c: fe00 0f84 | 2600 0000 

  0x0000017bae869b54: ;   {metadata(method data for {method} {0x0000017bcb0dc3f8} 'pickPos' '(II)I' in 'jdk/internal/misc/Unsafe')}
  0x0000017bae869b54: 48b8 9844 | b4cb 7b01 | 0000 ff80 | 1001 0000 | 498b c048 | 83c4 305d 

  0x0000017bae869b6c: ;   {poll_return}
  0x0000017bae869b6c: 493b a750 | 0300 000f | 871f 0000 

  0x0000017bae869b78: ;   {metadata({method} {0x0000017bcb0dc3f8} 'pickPos' '(II)I' in 'jdk/internal/misc/Unsafe')}
  0x0000017bae869b78: 00c3 49ba | f0c3 0dcb | 7b01 0000 | 4c89 5424 | 0848 c704 | 24ff ffff 

  0x0000017bae869b90: ;   {runtime_call counter_overflow Runtime1 stub}
  0x0000017bae869b90: ffe8 ea38 

  0x0000017bae869b94: ; ImmutableOopMap {}
                      ;*synchronization entry
                      ; - jdk.internal.misc.Unsafe::pickPos@-1 (line 3717)
  0x0000017bae869b94: 4407 ebbc 

  0x0000017bae869b98: ;   {internal_word}
  0x0000017bae869b98: 49ba 6c9b | 86ae 7b01 | 0000 4d89 | 9768 0300 

  0x0000017bae869ba8: ;   {runtime_call SafepointBlob}
  0x0000017bae869ba8: 00e9 d2f3 | 3907 9090 | 498b 87e0 | 0300 0049 | c787 e003 | 0000 0000 | 0000 49c7 | 87e8 0300 
  0x0000017bae869bc8: 0000 0000 | 0048 83c4 

  0x0000017bae869bd0: ;   {runtime_call unwind_exception Runtime1 stub}
  0x0000017bae869bd0: 305d e929 | ea3a 07f4 | f4f4 f4f4 | f4f4 f4f4 
[Exception Handler]
  0x0000017bae869be0: ;   {no_reloc}
  0x0000017bae869be0: e81b fc43 

  0x0000017bae869be4: ;   {external_word}
  0x0000017bae869be4: 0748 b9a0 | 7df4 b1f8 | 7f00 0048 

  0x0000017bae869bf0: ;   {runtime_call}
  0x0000017bae869bf0: 83e4 f049 | baf0 e4bc | b1f8 7f00 | 0041 ffd2 

  0x0000017bae869c00: ;   {section_word}
  0x0000017bae869c00: f449 ba01 | 9c86 ae7b | 0100 0041 

  0x0000017bae869c0c: ;   {runtime_call DeoptimizationBlob}
  0x0000017bae869c0c: 52e9 0e08 | 3a07 f4f4 | f4f4 f4f4 
[/MachCode]


---------------  P R O C E S S  ---------------

Threads class SMR info:
_java_thread_list=0x0000017bcf2666e0, length=16, elements={
0x0000017bab28d790, 0x0000017bca6b6ed0, 0x0000017bca6b7a90, 0x0000017bca718a30,
0x0000017bca7195f0, 0x0000017bca71c7e0, 0x0000017bca71f7c0, 0x0000017bca73d930,
0x0000017bca73e2f0, 0x0000017bca73ecf0, 0x0000017bca892690, 0x0000017bca895300,
0x0000017bca8cb580, 0x0000017bca8dbec0, 0x0000017bca922190, 0x0000017bcf2921c0
}

Java Threads: ( => current thread )
=>0x0000017bab28d790 JavaThread "main" [_thread_in_Java, id=11860, stack(0x00000015feb00000,0x00000015fec00000)]
  0x0000017bca6b6ed0 JavaThread "Reference Handler" daemon [_thread_blocked, id=23796, stack(0x00000015ff200000,0x00000015ff300000)]
  0x0000017bca6b7a90 JavaThread "Finalizer" daemon [_thread_blocked, id=8180, stack(0x00000015ff300000,0x00000015ff400000)]
  0x0000017bca718a30 JavaThread "Signal Dispatcher" daemon [_thread_blocked, id=524, stack(0x00000015ff400000,0x00000015ff500000)]
  0x0000017bca7195f0 JavaThread "Attach Listener" daemon [_thread_blocked, id=19884, stack(0x00000015ff500000,0x00000015ff600000)]
  0x0000017bca71c7e0 JavaThread "Service Thread" daemon [_thread_blocked, id=17884, stack(0x00000015ff600000,0x00000015ff700000)]
  0x0000017bca71f7c0 JavaThread "Monitor Deflation Thread" daemon [_thread_blocked, id=16516, stack(0x00000015ff700000,0x00000015ff800000)]
  0x0000017bca73d930 JavaThread "C2 CompilerThread0" daemon [_thread_blocked, id=10272, stack(0x00000015ff800000,0x00000015ff900000)]
  0x0000017bca73e2f0 JavaThread "C1 CompilerThread0" daemon [_thread_blocked, id=12020, stack(0x00000015ff900000,0x00000015ffa00000)]
  0x0000017bca73ecf0 JavaThread "Sweeper thread" daemon [_thread_blocked, id=14396, stack(0x00000015ffa00000,0x00000015ffb00000)]
  0x0000017bca892690 JavaThread "C1 CompilerThread1" daemon [_thread_blocked, id=20336, stack(0x00000015ffb00000,0x00000015ffc00000)]
  0x0000017bca895300 JavaThread "C1 CompilerThread2" daemon [_thread_in_native, id=21840, stack(0x00000015ffc00000,0x00000015ffd00000)]
  0x0000017bca8cb580 JavaThread "Notification Thread" daemon [_thread_blocked, id=3924, stack(0x00000015ffd00000,0x00000015ffe00000)]
  0x0000017bca8dbec0 JavaThread "Common-Cleaner" daemon [_thread_blocked, id=22276, stack(0x00000015fff00000,0x0000001600000000)]
  0x0000017bca922190 JavaThread "C2 CompilerThread1" daemon [_thread_blocked, id=19384, stack(0x0000001580000000,0x0000001580100000)]
  0x0000017bcf2921c0 JavaThread "C1 CompilerThread3" daemon [_thread_blocked, id=8284, stack(0x0000001580100000,0x0000001580200000)]

Other Threads:
  0x0000017bca6b6520 VMThread "VM Thread" [stack: 0x00000015ff100000,0x00000015ff200000] [id=28500]
  0x0000017bca81ec30 WatcherThread [stack: 0x00000015ffe00000,0x00000015fff00000] [id=24112]
  0x0000017bab2fa7d0 GCTaskThread "GC Thread#0" [stack: 0x00000015fec00000,0x00000015fed00000] [id=10516]
  0x0000017bcf39a880 GCTaskThread "GC Thread#1" [stack: 0x0000001580200000,0x0000001580300000] [id=13116]
  0x0000017bcf3dd920 GCTaskThread "GC Thread#2" [stack: 0x0000001580300000,0x0000001580400000] [id=25156]
  0x0000017bcf3ddbe0 GCTaskThread "GC Thread#3" [stack: 0x0000001580400000,0x0000001580500000] [id=8852]
  0x0000017bcf3ddea0 GCTaskThread "GC Thread#4" [stack: 0x0000001580500000,0x0000001580600000] [id=10756]
  0x0000017bcf2fed00 GCTaskThread "GC Thread#5" [stack: 0x0000001580600000,0x0000001580700000] [id=17664]
  0x0000017bab30b320 ConcurrentGCThread "G1 Main Marker" [stack: 0x00000015fed00000,0x00000015fee00000] [id=13208]
  0x0000017bab30bd40 ConcurrentGCThread "G1 Conc#0" [stack: 0x00000015fee00000,0x00000015fef00000] [id=25260]
  0x0000017bab33e760 ConcurrentGCThread "G1 Refine#0" [stack: 0x00000015fef00000,0x00000015ff000000] [id=22480]
  0x0000017bca0cd3e0 ConcurrentGCThread "G1 Service" [stack: 0x00000015ff000000,0x00000015ff100000] [id=25112]

Threads with active compile tasks:
C1 CompilerThread2      311  599       3       jdk.internal.misc.Unsafe::getShortUnaligned (33 bytes)

VM state: not at safepoint (normal execution)

VM Mutex/Monitor currently owned by a thread: None

Heap address: 0x0000000704000000, size: 4032 MB, Compressed Oops mode: Zero based, Oop shift amount: 3

CDS archive(s) not mapped
Compressed class space mapped at: 0x0000000800000000-0x0000000840000000, reserved size: 1073741824
Narrow klass base: 0x0000000800000000, Narrow klass shift: 0, Narrow klass range: 0x40000000

GC Precious Log:
 CPUs: 16 total, 16 available
 Memory: 16121M
 Large Page Support: Disabled
 NUMA Support: Disabled
 Compressed Oops: Enabled (Zero based)
 Heap Region Size: 2M
 Heap Min Capacity: 8M
 Heap Initial Capacity: 252M
 Heap Max Capacity: 4032M
 Pre-touch: Disabled
 Parallel Workers: 13
 Concurrent Workers: 3
 Concurrent Refinement Workers: 13
 Periodic GC: Disabled

Heap:
 garbage-first heap   total 258048K, used 6637K [0x0000000704000000, 0x0000000800000000)
  region size 2048K, 3 young (6144K), 2 survivors (4096K)
 Metaspace       used 12688K, committed 12864K, reserved 1114112K
  class space    used 1205K, committed 1280K, reserved 1048576K

Heap Regions: E=young(eden), S=young(survivor), O=old, HS=humongous(starts), HC=humongous(continues), CS=collection set, F=free, OA=open archive, CA=closed archive, TAMS=top-at-mark-start (previous, next)
|   0|0x0000000704000000, 0x0000000704200000, 0x0000000704200000|100%|HS|  |TAMS 0x0000000704000000, 0x0000000704000000| Complete 
|   1|0x0000000704200000, 0x0000000704400000, 0x0000000704400000|100%|HC|  |TAMS 0x0000000704200000, 0x0000000704200000| Complete 
|   2|0x0000000704400000, 0x0000000704400000, 0x0000000704600000|  0%| F|  |TAMS 0x0000000704400000, 0x0000000704400000| Untracked 
|   3|0x0000000704600000, 0x0000000704600000, 0x0000000704800000|  0%| F|  |TAMS 0x0000000704600000, 0x0000000704600000| Untracked 
|   4|0x0000000704800000, 0x0000000704800000, 0x0000000704a00000|  0%| F|  |TAMS 0x0000000704800000, 0x0000000704800000| Untracked 
|   5|0x0000000704a00000, 0x0000000704a00000, 0x0000000704c00000|  0%| F|  |TAMS 0x0000000704a00000, 0x0000000704a00000| Untracked 
|   6|0x0000000704c00000, 0x0000000704c00000, 0x0000000704e00000|  0%| F|  |TAMS 0x0000000704c00000, 0x0000000704c00000| Untracked 
|   7|0x0000000704e00000, 0x0000000704e00000, 0x0000000705000000|  0%| F|  |TAMS 0x0000000704e00000, 0x0000000704e00000| Untracked 
|   8|0x0000000705000000, 0x0000000705000000, 0x0000000705200000|  0%| F|  |TAMS 0x0000000705000000, 0x0000000705000000| Untracked 
|   9|0x0000000705200000, 0x0000000705200000, 0x0000000705400000|  0%| F|  |TAMS 0x0000000705200000, 0x0000000705200000| Untracked 
|  10|0x0000000705400000, 0x0000000705400000, 0x0000000705600000|  0%| F|  |TAMS 0x0000000705400000, 0x0000000705400000| Untracked 
|  11|0x0000000705600000, 0x0000000705600000, 0x0000000705800000|  0%| F|  |TAMS 0x0000000705600000, 0x0000000705600000| Untracked 
|  12|0x0000000705800000, 0x0000000705800000, 0x0000000705a00000|  0%| F|  |TAMS 0x0000000705800000, 0x0000000705800000| Untracked 
|  13|0x0000000705a00000, 0x0000000705a00000, 0x0000000705c00000|  0%| F|  |TAMS 0x0000000705a00000, 0x0000000705a00000| Untracked 
|  14|0x0000000705c00000, 0x0000000705c00000, 0x0000000705e00000|  0%| F|  |TAMS 0x0000000705c00000, 0x0000000705c00000| Untracked 
|  15|0x0000000705e00000, 0x0000000705e00000, 0x0000000706000000|  0%| F|  |TAMS 0x0000000705e00000, 0x0000000705e00000| Untracked 
|  16|0x0000000706000000, 0x0000000706000000, 0x0000000706200000|  0%| F|  |TAMS 0x0000000706000000, 0x0000000706000000| Untracked 
|  17|0x0000000706200000, 0x0000000706200000, 0x0000000706400000|  0%| F|  |TAMS 0x0000000706200000, 0x0000000706200000| Untracked 
|  18|0x0000000706400000, 0x0000000706400000, 0x0000000706600000|  0%| F|  |TAMS 0x0000000706400000, 0x0000000706400000| Untracked 
|  19|0x0000000706600000, 0x0000000706600000, 0x0000000706800000|  0%| F|  |TAMS 0x0000000706600000, 0x0000000706600000| Untracked 
|  20|0x0000000706800000, 0x0000000706800000, 0x0000000706a00000|  0%| F|  |TAMS 0x0000000706800000, 0x0000000706800000| Untracked 
|  21|0x0000000706a00000, 0x0000000706a00000, 0x0000000706c00000|  0%| F|  |TAMS 0x0000000706a00000, 0x0000000706a00000| Untracked 
|  22|0x0000000706c00000, 0x0000000706c00000, 0x0000000706e00000|  0%| F|  |TAMS 0x0000000706c00000, 0x0000000706c00000| Untracked 
|  23|0x0000000706e00000, 0x0000000706e00000, 0x0000000707000000|  0%| F|  |TAMS 0x0000000706e00000, 0x0000000706e00000| Untracked 
|  24|0x0000000707000000, 0x0000000707000000, 0x0000000707200000|  0%| F|  |TAMS 0x0000000707000000, 0x0000000707000000| Untracked 
|  25|0x0000000707200000, 0x0000000707200000, 0x0000000707400000|  0%| F|  |TAMS 0x0000000707200000, 0x0000000707200000| Untracked 
|  26|0x0000000707400000, 0x0000000707400000, 0x0000000707600000|  0%| F|  |TAMS 0x0000000707400000, 0x0000000707400000| Untracked 
|  27|0x0000000707600000, 0x0000000707600000, 0x0000000707800000|  0%| F|  |TAMS 0x0000000707600000, 0x0000000707600000| Untracked 
|  28|0x0000000707800000, 0x0000000707800000, 0x0000000707a00000|  0%| F|  |TAMS 0x0000000707800000, 0x0000000707800000| Untracked 
|  29|0x0000000707a00000, 0x0000000707a00000, 0x0000000707c00000|  0%| F|  |TAMS 0x0000000707a00000, 0x0000000707a00000| Untracked 
|  30|0x0000000707c00000, 0x0000000707c00000, 0x0000000707e00000|  0%| F|  |TAMS 0x0000000707c00000, 0x0000000707c00000| Untracked 
|  31|0x0000000707e00000, 0x0000000707e00000, 0x0000000708000000|  0%| F|  |TAMS 0x0000000707e00000, 0x0000000707e00000| Untracked 
|  32|0x0000000708000000, 0x0000000708000000, 0x0000000708200000|  0%| F|  |TAMS 0x0000000708000000, 0x0000000708000000| Untracked 
|  33|0x0000000708200000, 0x0000000708200000, 0x0000000708400000|  0%| F|  |TAMS 0x0000000708200000, 0x0000000708200000| Untracked 
|  34|0x0000000708400000, 0x0000000708400000, 0x0000000708600000|  0%| F|  |TAMS 0x0000000708400000, 0x0000000708400000| Untracked 
|  35|0x0000000708600000, 0x0000000708600000, 0x0000000708800000|  0%| F|  |TAMS 0x0000000708600000, 0x0000000708600000| Untracked 
|  36|0x0000000708800000, 0x0000000708800000, 0x0000000708a00000|  0%| F|  |TAMS 0x0000000708800000, 0x0000000708800000| Untracked 
|  37|0x0000000708a00000, 0x0000000708a00000, 0x0000000708c00000|  0%| F|  |TAMS 0x0000000708a00000, 0x0000000708a00000| Untracked 
|  38|0x0000000708c00000, 0x0000000708c00000, 0x0000000708e00000|  0%| F|  |TAMS 0x0000000708c00000, 0x0000000708c00000| Untracked 
|  39|0x0000000708e00000, 0x0000000708e00000, 0x0000000709000000|  0%| F|  |TAMS 0x0000000708e00000, 0x0000000708e00000| Untracked 
|  40|0x0000000709000000, 0x0000000709000000, 0x0000000709200000|  0%| F|  |TAMS 0x0000000709000000, 0x0000000709000000| Untracked 
|  41|0x0000000709200000, 0x0000000709200000, 0x0000000709400000|  0%| F|  |TAMS 0x0000000709200000, 0x0000000709200000| Untracked 
|  42|0x0000000709400000, 0x0000000709400000, 0x0000000709600000|  0%| F|  |TAMS 0x0000000709400000, 0x0000000709400000| Untracked 
|  43|0x0000000709600000, 0x0000000709600000, 0x0000000709800000|  0%| F|  |TAMS 0x0000000709600000, 0x0000000709600000| Untracked 
|  44|0x0000000709800000, 0x0000000709800000, 0x0000000709a00000|  0%| F|  |TAMS 0x0000000709800000, 0x0000000709800000| Untracked 
|  45|0x0000000709a00000, 0x0000000709a00000, 0x0000000709c00000|  0%| F|  |TAMS 0x0000000709a00000, 0x0000000709a00000| Untracked 
|  46|0x0000000709c00000, 0x0000000709c00000, 0x0000000709e00000|  0%| F|  |TAMS 0x0000000709c00000, 0x0000000709c00000| Untracked 
|  47|0x0000000709e00000, 0x0000000709e00000, 0x000000070a000000|  0%| F|  |TAMS 0x0000000709e00000, 0x0000000709e00000| Untracked 
|  48|0x000000070a000000, 0x000000070a000000, 0x000000070a200000|  0%| F|  |TAMS 0x000000070a000000, 0x000000070a000000| Untracked 
|  49|0x000000070a200000, 0x000000070a200000, 0x000000070a400000|  0%| F|  |TAMS 0x000000070a200000, 0x000000070a200000| Untracked 
|  50|0x000000070a400000, 0x000000070a400000, 0x000000070a600000|  0%| F|  |TAMS 0x000000070a400000, 0x000000070a400000| Untracked 
|  51|0x000000070a600000, 0x000000070a600000, 0x000000070a800000|  0%| F|  |TAMS 0x000000070a600000, 0x000000070a600000| Untracked 
|  52|0x000000070a800000, 0x000000070a800000, 0x000000070aa00000|  0%| F|  |TAMS 0x000000070a800000, 0x000000070a800000| Untracked 
|  53|0x000000070aa00000, 0x000000070aa00000, 0x000000070ac00000|  0%| F|  |TAMS 0x000000070aa00000, 0x000000070aa00000| Untracked 
|  54|0x000000070ac00000, 0x000000070ac00000, 0x000000070ae00000|  0%| F|  |TAMS 0x000000070ac00000, 0x000000070ac00000| Untracked 
|  55|0x000000070ae00000, 0x000000070ae00000, 0x000000070b000000|  0%| F|  |TAMS 0x000000070ae00000, 0x000000070ae00000| Untracked 
|  56|0x000000070b000000, 0x000000070b000000, 0x000000070b200000|  0%| F|  |TAMS 0x000000070b000000, 0x000000070b000000| Untracked 
|  57|0x000000070b200000, 0x000000070b200000, 0x000000070b400000|  0%| F|  |TAMS 0x000000070b200000, 0x000000070b200000| Untracked 
|  58|0x000000070b400000, 0x000000070b400000, 0x000000070b600000|  0%| F|  |TAMS 0x000000070b400000, 0x000000070b400000| Untracked 
|  59|0x000000070b600000, 0x000000070b600000, 0x000000070b800000|  0%| F|  |TAMS 0x000000070b600000, 0x000000070b600000| Untracked 
|  60|0x000000070b800000, 0x000000070b800000, 0x000000070ba00000|  0%| F|  |TAMS 0x000000070b800000, 0x000000070b800000| Untracked 
|  61|0x000000070ba00000, 0x000000070ba00000, 0x000000070bc00000|  0%| F|  |TAMS 0x000000070ba00000, 0x000000070ba00000| Untracked 
|  62|0x000000070bc00000, 0x000000070bc00000, 0x000000070be00000|  0%| F|  |TAMS 0x000000070bc00000, 0x000000070bc00000| Untracked 
|  63|0x000000070be00000, 0x000000070be00000, 0x000000070c000000|  0%| F|  |TAMS 0x000000070be00000, 0x000000070be00000| Untracked 
|  64|0x000000070c000000, 0x000000070c000000, 0x000000070c200000|  0%| F|  |TAMS 0x000000070c000000, 0x000000070c000000| Untracked 
|  65|0x000000070c200000, 0x000000070c200000, 0x000000070c400000|  0%| F|  |TAMS 0x000000070c200000, 0x000000070c200000| Untracked 
|  66|0x000000070c400000, 0x000000070c400000, 0x000000070c600000|  0%| F|  |TAMS 0x000000070c400000, 0x000000070c400000| Untracked 
|  67|0x000000070c600000, 0x000000070c600000, 0x000000070c800000|  0%| F|  |TAMS 0x000000070c600000, 0x000000070c600000| Untracked 
|  68|0x000000070c800000, 0x000000070c800000, 0x000000070ca00000|  0%| F|  |TAMS 0x000000070c800000, 0x000000070c800000| Untracked 
|  69|0x000000070ca00000, 0x000000070ca00000, 0x000000070cc00000|  0%| F|  |TAMS 0x000000070ca00000, 0x000000070ca00000| Untracked 
|  70|0x000000070cc00000, 0x000000070cc00000, 0x000000070ce00000|  0%| F|  |TAMS 0x000000070cc00000, 0x000000070cc00000| Untracked 
|  71|0x000000070ce00000, 0x000000070ce00000, 0x000000070d000000|  0%| F|  |TAMS 0x000000070ce00000, 0x000000070ce00000| Untracked 
|  72|0x000000070d000000, 0x000000070d000000, 0x000000070d200000|  0%| F|  |TAMS 0x000000070d000000, 0x000000070d000000| Untracked 
|  73|0x000000070d200000, 0x000000070d200000, 0x000000070d400000|  0%| F|  |TAMS 0x000000070d200000, 0x000000070d200000| Untracked 
|  74|0x000000070d400000, 0x000000070d400000, 0x000000070d600000|  0%| F|  |TAMS 0x000000070d400000, 0x000000070d400000| Untracked 
|  75|0x000000070d600000, 0x000000070d600000, 0x000000070d800000|  0%| F|  |TAMS 0x000000070d600000, 0x000000070d600000| Untracked 
|  76|0x000000070d800000, 0x000000070d800000, 0x000000070da00000|  0%| F|  |TAMS 0x000000070d800000, 0x000000070d800000| Untracked 
|  77|0x000000070da00000, 0x000000070da00000, 0x000000070dc00000|  0%| F|  |TAMS 0x000000070da00000, 0x000000070da00000| Untracked 
|  78|0x000000070dc00000, 0x000000070dc00000, 0x000000070de00000|  0%| F|  |TAMS 0x000000070dc00000, 0x000000070dc00000| Untracked 
|  79|0x000000070de00000, 0x000000070de00000, 0x000000070e000000|  0%| F|  |TAMS 0x000000070de00000, 0x000000070de00000| Untracked 
|  80|0x000000070e000000, 0x000000070e000000, 0x000000070e200000|  0%| F|  |TAMS 0x000000070e000000, 0x000000070e000000| Untracked 
|  81|0x000000070e200000, 0x000000070e200000, 0x000000070e400000|  0%| F|  |TAMS 0x000000070e200000, 0x000000070e200000| Untracked 
|  82|0x000000070e400000, 0x000000070e400000, 0x000000070e600000|  0%| F|  |TAMS 0x000000070e400000, 0x000000070e400000| Untracked 
|  83|0x000000070e600000, 0x000000070e600000, 0x000000070e800000|  0%| F|  |TAMS 0x000000070e600000, 0x000000070e600000| Untracked 
|  84|0x000000070e800000, 0x000000070e800000, 0x000000070ea00000|  0%| F|  |TAMS 0x000000070e800000, 0x000000070e800000| Untracked 
|  85|0x000000070ea00000, 0x000000070ea00000, 0x000000070ec00000|  0%| F|  |TAMS 0x000000070ea00000, 0x000000070ea00000| Untracked 
|  86|0x000000070ec00000, 0x000000070ec00000, 0x000000070ee00000|  0%| F|  |TAMS 0x000000070ec00000, 0x000000070ec00000| Untracked 
|  87|0x000000070ee00000, 0x000000070ee00000, 0x000000070f000000|  0%| F|  |TAMS 0x000000070ee00000, 0x000000070ee00000| Untracked 
|  88|0x000000070f000000, 0x000000070f000000, 0x000000070f200000|  0%| F|  |TAMS 0x000000070f000000, 0x000000070f000000| Untracked 
|  89|0x000000070f200000, 0x000000070f200000, 0x000000070f400000|  0%| F|  |TAMS 0x000000070f200000, 0x000000070f200000| Untracked 
|  90|0x000000070f400000, 0x000000070f400000, 0x000000070f600000|  0%| F|  |TAMS 0x000000070f400000, 0x000000070f400000| Untracked 
|  91|0x000000070f600000, 0x000000070f600000, 0x000000070f800000|  0%| F|  |TAMS 0x000000070f600000, 0x000000070f600000| Untracked 
|  92|0x000000070f800000, 0x000000070f800000, 0x000000070fa00000|  0%| F|  |TAMS 0x000000070f800000, 0x000000070f800000| Untracked 
|  93|0x000000070fa00000, 0x000000070fa00000, 0x000000070fc00000|  0%| F|  |TAMS 0x000000070fa00000, 0x000000070fa00000| Untracked 
|  94|0x000000070fc00000, 0x000000070fc00000, 0x000000070fe00000|  0%| F|  |TAMS 0x000000070fc00000, 0x000000070fc00000| Untracked 
|  95|0x000000070fe00000, 0x000000070fe00000, 0x0000000710000000|  0%| F|  |TAMS 0x000000070fe00000, 0x000000070fe00000| Untracked 
|  96|0x0000000710000000, 0x0000000710000000, 0x0000000710200000|  0%| F|  |TAMS 0x0000000710000000, 0x0000000710000000| Untracked 
|  97|0x0000000710200000, 0x0000000710200000, 0x0000000710400000|  0%| F|  |TAMS 0x0000000710200000, 0x0000000710200000| Untracked 
|  98|0x0000000710400000, 0x0000000710400000, 0x0000000710600000|  0%| F|  |TAMS 0x0000000710400000, 0x0000000710400000| Untracked 
|  99|0x0000000710600000, 0x0000000710600000, 0x0000000710800000|  0%| F|  |TAMS 0x0000000710600000, 0x0000000710600000| Untracked 
| 100|0x0000000710800000, 0x0000000710800000, 0x0000000710a00000|  0%| F|  |TAMS 0x0000000710800000, 0x0000000710800000| Untracked 
| 101|0x0000000710a00000, 0x0000000710a00000, 0x0000000710c00000|  0%| F|  |TAMS 0x0000000710a00000, 0x0000000710a00000| Untracked 
| 102|0x0000000710c00000, 0x0000000710c00000, 0x0000000710e00000|  0%| F|  |TAMS 0x0000000710c00000, 0x0000000710c00000| Untracked 
| 103|0x0000000710e00000, 0x0000000710e00000, 0x0000000711000000|  0%| F|  |TAMS 0x0000000710e00000, 0x0000000710e00000| Untracked 
| 104|0x0000000711000000, 0x0000000711000000, 0x0000000711200000|  0%| F|  |TAMS 0x0000000711000000, 0x0000000711000000| Untracked 
| 105|0x0000000711200000, 0x0000000711200000, 0x0000000711400000|  0%| F|  |TAMS 0x0000000711200000, 0x0000000711200000| Untracked 
| 106|0x0000000711400000, 0x0000000711400000, 0x0000000711600000|  0%| F|  |TAMS 0x0000000711400000, 0x0000000711400000| Untracked 
| 107|0x0000000711600000, 0x0000000711600000, 0x0000000711800000|  0%| F|  |TAMS 0x0000000711600000, 0x0000000711600000| Untracked 
| 108|0x0000000711800000, 0x0000000711800000, 0x0000000711a00000|  0%| F|  |TAMS 0x0000000711800000, 0x0000000711800000| Untracked 
| 109|0x0000000711a00000, 0x0000000711a00000, 0x0000000711c00000|  0%| F|  |TAMS 0x0000000711a00000, 0x0000000711a00000| Untracked 
| 110|0x0000000711c00000, 0x0000000711c00000, 0x0000000711e00000|  0%| F|  |TAMS 0x0000000711c00000, 0x0000000711c00000| Untracked 
| 111|0x0000000711e00000, 0x0000000711e00000, 0x0000000712000000|  0%| F|  |TAMS 0x0000000711e00000, 0x0000000711e00000| Untracked 
| 112|0x0000000712000000, 0x0000000712000000, 0x0000000712200000|  0%| F|  |TAMS 0x0000000712000000, 0x0000000712000000| Untracked 
| 113|0x0000000712200000, 0x000000071227b540, 0x0000000712400000| 24%| S|CS|TAMS 0x0000000712200000, 0x0000000712200000| Complete 
| 114|0x0000000712400000, 0x0000000712600000, 0x0000000712600000|100%| S|CS|TAMS 0x0000000712400000, 0x0000000712400000| Complete 
| 115|0x0000000712600000, 0x0000000712600000, 0x0000000712800000|  0%| F|  |TAMS 0x0000000712600000, 0x0000000712600000| Untracked 
| 116|0x0000000712800000, 0x0000000712800000, 0x0000000712a00000|  0%| F|  |TAMS 0x0000000712800000, 0x0000000712800000| Untracked 
| 117|0x0000000712a00000, 0x0000000712a00000, 0x0000000712c00000|  0%| F|  |TAMS 0x0000000712a00000, 0x0000000712a00000| Untracked 
| 118|0x0000000712c00000, 0x0000000712c00000, 0x0000000712e00000|  0%| F|  |TAMS 0x0000000712c00000, 0x0000000712c00000| Untracked 
| 119|0x0000000712e00000, 0x0000000712e00000, 0x0000000713000000|  0%| F|  |TAMS 0x0000000712e00000, 0x0000000712e00000| Untracked 
| 120|0x0000000713000000, 0x0000000713000000, 0x0000000713200000|  0%| F|  |TAMS 0x0000000713000000, 0x0000000713000000| Untracked 
| 121|0x0000000713200000, 0x0000000713200000, 0x0000000713400000|  0%| F|  |TAMS 0x0000000713200000, 0x0000000713200000| Untracked 
| 122|0x0000000713400000, 0x0000000713400000, 0x0000000713600000|  0%| F|  |TAMS 0x0000000713400000, 0x0000000713400000| Untracked 
| 123|0x0000000713600000, 0x0000000713600000, 0x0000000713800000|  0%| F|  |TAMS 0x0000000713600000, 0x0000000713600000| Untracked 
| 124|0x0000000713800000, 0x0000000713800000, 0x0000000713a00000|  0%| F|  |TAMS 0x0000000713800000, 0x0000000713800000| Untracked 
| 125|0x0000000713a00000, 0x0000000713b24590, 0x0000000713c00000| 57%| E|  |TAMS 0x0000000713a00000, 0x0000000713a00000| Complete 

Card table byte_map: [0x0000017bbe7c0000,0x0000017bbefa0000] _byte_map_base: 0x0000017bbafa0000

Marking Bits (Prev, Next): (CMBitMap*) 0x0000017bab2fadf0, (CMBitMap*) 0x0000017bab2fae30
 Prev Bits: [0x0000017bbf780000, 0x0000017bc3680000)
 Next Bits: [0x0000017bc3680000, 0x0000017bc7580000)

Polling page: 0x0000017baaa40000

Metaspace:

Usage:
  Non-class:     11.21 MB used.
      Class:      1.18 MB used.
       Both:     12.39 MB used.

Virtual space:
  Non-class space:       64.00 MB reserved,      11.31 MB ( 18%) committed,  1 nodes.
      Class space:        1.00 GB reserved,       1.25 MB ( <1%) committed,  1 nodes.
             Both:        1.06 GB reserved,      12.56 MB (  1%) committed. 

Chunk freelists:
   Non-Class:  4.05 MB
       Class:  14.73 MB
        Both:  18.78 MB

MaxMetaspaceSize: unlimited
CompressedClassSpaceSize: 1.00 GB
Initial GC threshold: 21.00 MB
Current GC threshold: 21.00 MB
CDS: off
MetaspaceReclaimPolicy: balanced
 - commit_granule_bytes: 65536.
 - commit_granule_words: 8192.
 - virtual_space_node_default_size: 8388608.
 - enlarge_chunks_in_place: 1.
 - new_chunks_are_fully_committed: 0.
 - uncommit_free_chunks: 1.
 - use_allocation_guard: 0.
 - handle_deallocations: 1.


Internal statistics:

num_allocs_failed_limit: 0.
num_arena_births: 6.
num_arena_deaths: 0.
num_vsnodes_births: 2.
num_vsnodes_deaths: 0.
num_space_committed: 201.
num_space_uncommitted: 0.
num_chunks_returned_to_freelist: 0.
num_chunks_taken_from_freelist: 188.
num_chunk_merges: 0.
num_chunk_splits: 166.
num_chunks_enlarged: 158.
num_inconsistent_stats: 0.

CodeHeap 'non-profiled nmethods': size=119168Kb used=152Kb max_used=152Kb free=119015Kb
 bounds [0x0000017bb6300000, 0x0000017bb6570000, 0x0000017bbd760000]
CodeHeap 'profiled nmethods': size=119104Kb used=1076Kb max_used=1076Kb free=118027Kb
 bounds [0x0000017bae760000, 0x0000017bae9d0000, 0x0000017bb5bb0000]
CodeHeap 'non-nmethods': size=7488Kb used=2842Kb max_used=2856Kb free=4646Kb
 bounds [0x0000017bb5bb0000, 0x0000017bb5e80000, 0x0000017bb6300000]
 total_blobs=1029 nmethods=601 adapters=338
 compilation: enabled
              stopped_count=0, restarted_count=0
 full_count=0

Compilation events (20 events):
Event: 0.297 Thread 0x0000017bca892690  594       3       jdk.internal.misc.Unsafe::pickPos (14 bytes)
Event: 0.297 Thread 0x0000017bcf2921c0 nmethod 592 0x0000017bae869310 code [0x0000017bae8694a0, 0x0000017bae8695b8]
Event: 0.297 Thread 0x0000017bcf2921c0  595       3       java.nio.HeapByteBuffer::getShort (29 bytes)
Event: 0.297 Thread 0x0000017bca895300 nmethod 593 0x0000017bae869690 code [0x0000017bae869820, 0x0000017bae869918]
Event: 0.297 Thread 0x0000017bca895300  596   !   3       jdk.internal.misc.ScopedMemoryAccess::getShortUnaligned (22 bytes)
Event: 0.297 Thread 0x0000017bca892690 nmethod 594 0x0000017bae869990 code [0x0000017bae869b20, 0x0000017bae869c18]
Event: 0.297 Thread 0x0000017bca892690  597   !   3       jdk.internal.misc.ScopedMemoryAccess::getShortUnalignedInternal (38 bytes)
Event: 0.297 Thread 0x0000017bca73e2f0 nmethod 591 0x0000017bae869c90 code [0x0000017bae869e40, 0x0000017bae86a008]
Event: 0.297 Thread 0x0000017bca73e2f0  598       3       jdk.internal.misc.Unsafe::getShortUnaligned (12 bytes)
Event: 0.297 Thread 0x0000017bca73e2f0 nmethod 598 0x0000017bae86a110 code [0x0000017bae86a2c0, 0x0000017bae86a4f8]
Event: 0.297 Thread 0x0000017bca73e2f0  601       3       java.lang.Short::reverseBytes (14 bytes)
Event: 0.297 Thread 0x0000017bca892690 nmethod 597 0x0000017bae86a610 code [0x0000017bae86a7e0, 0x0000017bae86aaf8]
Event: 0.297 Thread 0x0000017bca895300 nmethod 596 0x0000017bae86ac90 code [0x0000017bae86ae80, 0x0000017bae86b3e8]
Event: 0.297 Thread 0x0000017bca895300  599       3       jdk.internal.misc.Unsafe::getShortUnaligned (33 bytes)
Event: 0.297 Thread 0x0000017bca892690  602       3       java.nio.HeapByteBuffer::ix (7 bytes)
Event: 0.297 Thread 0x0000017bca73e2f0 nmethod 601 0x0000017bae86b690 code [0x0000017bae86b820, 0x0000017bae86b918]
Event: 0.297 Thread 0x0000017bca73e2f0  600       3       jdk.internal.misc.Unsafe::convEndian (16 bytes)
Event: 0.297 Thread 0x0000017bca892690 nmethod 602 0x0000017bae86b990 code [0x0000017bae86bb20, 0x0000017bae86bc38]
Event: 0.297 Thread 0x0000017bca73e2f0 nmethod 600 0x0000017bae86bd10 code [0x0000017bae86bea0, 0x0000017bae86c058]
Event: 0.297 Thread 0x0000017bcf2921c0 nmethod 595 0x0000017bae86c110 code [0x0000017bae86c360, 0x0000017bae86cca8]

GC Heap History (2 events):
Event: 0.290 GC heap before
{Heap before GC invocations=0 (full 0):
 garbage-first heap   total 258048K, used 24576K [0x0000000704000000, 0x0000000800000000)
  region size 2048K, 11 young (22528K), 0 survivors (0K)
 Metaspace       used 12583K, committed 12736K, reserved 1114112K
  class space    used 1192K, committed 1280K, reserved 1048576K
}
Event: 0.293 GC heap after
{Heap after GC invocations=1 (full 0):
 garbage-first heap   total 258048K, used 6637K [0x0000000704000000, 0x0000000800000000)
  region size 2048K, 2 young (4096K), 2 survivors (4096K)
 Metaspace       used 12583K, committed 12736K, reserved 1114112K
  class space    used 1192K, committed 1280K, reserved 1048576K
}

Dll operation events (1 events):
Event: 0.004 Loaded shared library C:\Program Files\Android\Android Studio\jbr\bin\java.dll

Deoptimization events (20 events):
Event: 0.077 Thread 0x0000017bab28d790 DEOPT PACKING pc=0x0000017bae779f8c sp=0x00000015febfd980
Event: 0.077 Thread 0x0000017bab28d790 DEOPT UNPACKING pc=0x0000017bb5c0ace3 sp=0x00000015febfce10 mode 0
Event: 0.077 Thread 0x0000017bab28d790 DEOPT PACKING pc=0x0000017bae779f8c sp=0x00000015febfd980
Event: 0.077 Thread 0x0000017bab28d790 DEOPT UNPACKING pc=0x0000017bb5c0ace3 sp=0x00000015febfce10 mode 0
Event: 0.077 Thread 0x0000017bab28d790 DEOPT PACKING pc=0x0000017bae779f8c sp=0x00000015febfd980
Event: 0.077 Thread 0x0000017bab28d790 DEOPT UNPACKING pc=0x0000017bb5c0ace3 sp=0x00000015febfce10 mode 0
Event: 0.077 Thread 0x0000017bab28d790 DEOPT PACKING pc=0x0000017bae779f8c sp=0x00000015febfd980
Event: 0.077 Thread 0x0000017bab28d790 DEOPT UNPACKING pc=0x0000017bb5c0ace3 sp=0x00000015febfce10 mode 0
Event: 0.101 Thread 0x0000017bab28d790 Uncommon trap: trap_request=0xffffff45 fr.pc=0x0000017bb6305e70 relative=0x0000000000000710
Event: 0.101 Thread 0x0000017bab28d790 Uncommon trap: reason=unstable_if action=reinterpret pc=0x0000017bb6305e70 method=java.util.zip.ZipFile$Source.checkAndAddEntry(II)I @ 50 c2
Event: 0.101 Thread 0x0000017bab28d790 DEOPT PACKING pc=0x0000017bb6305e70 sp=0x00000015febfe570
Event: 0.101 Thread 0x0000017bab28d790 DEOPT UNPACKING pc=0x0000017bb5c0a1a3 sp=0x00000015febfe4e0 mode 2
Event: 0.136 Thread 0x0000017bab28d790 DEOPT PACKING pc=0x0000017bae7781e7 sp=0x00000015febfe340
Event: 0.136 Thread 0x0000017bab28d790 DEOPT UNPACKING pc=0x0000017bb5c0ace3 sp=0x00000015febfd760 mode 0
Event: 0.202 Thread 0x0000017bab28d790 DEOPT PACKING pc=0x0000017bae790456 sp=0x00000015febf9af0
Event: 0.202 Thread 0x0000017bab28d790 DEOPT UNPACKING pc=0x0000017bb5c0ace3 sp=0x00000015febf8f78 mode 0
Event: 0.277 Thread 0x0000017bab28d790 DEOPT PACKING pc=0x0000017bae7a3fe5 sp=0x00000015febfb6b0
Event: 0.277 Thread 0x0000017bab28d790 DEOPT UNPACKING pc=0x0000017bb5c0ace3 sp=0x00000015febfab00 mode 0
Event: 0.279 Thread 0x0000017bab28d790 DEOPT PACKING pc=0x0000017bae7b7dc8 sp=0x00000015febf78f0
Event: 0.279 Thread 0x0000017bab28d790 DEOPT UNPACKING pc=0x0000017bb5c0ace3 sp=0x00000015febf6e08 mode 0

Classes unloaded (0 events):
No events

Classes redefined (0 events):
No events

Internal exceptions (0 events):
No events

VM Operations (6 events):
Event: 0.082 Executing VM operation: HandshakeAllThreads
Event: 0.082 Executing VM operation: HandshakeAllThreads done
Event: 0.226 Executing VM operation: HandshakeAllThreads
Event: 0.226 Executing VM operation: HandshakeAllThreads done
Event: 0.290 Executing VM operation: G1CollectForAllocation
Event: 0.293 Executing VM operation: G1CollectForAllocation done

Events (20 events):
Event: 0.293 loading class java/lang/WeakPairMap$WeakRefPeer done
Event: 0.293 loading class java/lang/WeakPairMap$Pair$Weak done
Event: 0.293 loading class java/lang/WeakPairMap$Pair$Weak$1
Event: 0.293 loading class java/lang/WeakPairMap$Pair$Weak$1 done
Event: 0.294 loading class java/lang/reflect/ProxyGenerator
Event: 0.295 loading class java/lang/reflect/ProxyGenerator done
Event: 0.295 loading class java/lang/reflect/ProxyGenerator$ProxyMethod
Event: 0.295 loading class java/lang/reflect/ProxyGenerator$ProxyMethod done
Event: 0.295 loading class java/lang/InterruptedException
Event: 0.295 loading class java/lang/InterruptedException done
Event: 0.295 loading class java/util/StringJoiner
Event: 0.295 loading class java/util/StringJoiner done
Event: 0.296 loading class java/lang/reflect/ProxyGenerator$PrimitiveTypeInfo
Event: 0.296 loading class java/lang/reflect/ProxyGenerator$PrimitiveTypeInfo done
Event: 0.296 loading class jdk/internal/org/objectweb/asm/Edge
Event: 0.296 loading class jdk/internal/org/objectweb/asm/Edge done
Event: 0.297 loading class java/lang/reflect/Proxy$ProxyBuilder$1
Event: 0.297 loading class java/lang/reflect/Proxy$ProxyBuilder$1 done
Event: 0.297 loading class java/lang/annotation/Target
Event: 0.297 loading class java/lang/annotation/Target done


Dynamic libraries:
0x00007ff7727a0000 - 0x00007ff7727aa000 	C:\Program Files\Android\Android Studio\jbr\bin\java.exe
0x00007ff937630000 - 0x00007ff937847000 	C:\Windows\SYSTEM32\ntdll.dll
0x00007ff935a10000 - 0x00007ff935ad4000 	C:\Windows\System32\KERNEL32.DLL
0x00007ff934950000 - 0x00007ff934cf7000 	C:\Windows\System32\KERNELBASE.dll
0x00007ff934f60000 - 0x00007ff935071000 	C:\Windows\System32\ucrtbase.dll
0x00007ff920ee0000 - 0x00007ff920ef7000 	C:\Program Files\Android\Android Studio\jbr\bin\jli.dll
0x00007ff905390000 - 0x00007ff9053ab000 	C:\Program Files\Android\Android Studio\jbr\bin\VCRUNTIME140.dll
0x00007ff935430000 - 0x00007ff9355de000 	C:\Windows\System32\USER32.dll
0x00007ff935330000 - 0x00007ff935356000 	C:\Windows\System32\win32u.dll
0x00007ff915aa0000 - 0x00007ff915d33000 	C:\Windows\WinSxS\amd64_microsoft.windows.common-controls_6595b64144ccf1df_6.0.22621.3527_none_270e469b73872a76\COMCTL32.dll
0x00007ff9374f0000 - 0x00007ff937519000 	C:\Windows\System32\GDI32.dll
0x00007ff937530000 - 0x00007ff9375d7000 	C:\Windows\System32\msvcrt.dll
0x00007ff934d00000 - 0x00007ff934e19000 	C:\Windows\System32\gdi32full.dll
0x00007ff934ec0000 - 0x00007ff934f5a000 	C:\Windows\System32\msvcp_win.dll
0x00007ff9367c0000 - 0x00007ff9367f1000 	C:\Windows\System32\IMM32.DLL
0x00007ff92d4d0000 - 0x00007ff92d4dc000 	C:\Program Files\Android\Android Studio\jbr\bin\vcruntime140_1.dll
0x00007ff8cfac0000 - 0x00007ff8cfb4d000 	C:\Program Files\Android\Android Studio\jbr\bin\msvcp140.dll
0x00007ff8b1610000 - 0x00007ff8b2293000 	C:\Program Files\Android\Android Studio\jbr\bin\server\jvm.dll
0x00007ff9368b0000 - 0x00007ff936962000 	C:\Windows\System32\ADVAPI32.dll
0x00007ff936800000 - 0x00007ff9368a8000 	C:\Windows\System32\sechost.dll
0x00007ff934e20000 - 0x00007ff934e48000 	C:\Windows\System32\bcrypt.dll
0x00007ff936280000 - 0x00007ff936395000 	C:\Windows\System32\RPCRT4.dll
0x00007ff908530000 - 0x00007ff908539000 	C:\Windows\SYSTEM32\WSOCK32.dll
0x00007ff933790000 - 0x00007ff9337dd000 	C:\Windows\SYSTEM32\POWRPROF.dll
0x00007ff928f70000 - 0x00007ff928fa4000 	C:\Windows\SYSTEM32\WINMM.dll
0x00007ff937470000 - 0x00007ff9374e1000 	C:\Windows\System32\WS2_32.dll
0x00007ff928520000 - 0x00007ff92852a000 	C:\Windows\SYSTEM32\VERSION.dll
0x00007ff933770000 - 0x00007ff933783000 	C:\Windows\SYSTEM32\UMPDC.dll
0x00007ff933a20000 - 0x00007ff933a38000 	C:\Windows\SYSTEM32\kernel.appcore.dll
0x00007ff92d450000 - 0x00007ff92d45a000 	C:\Program Files\Android\Android Studio\jbr\bin\jimage.dll
0x00007ff9321f0000 - 0x00007ff932422000 	C:\Windows\SYSTEM32\DBGHELP.DLL
0x00007ff9363a0000 - 0x00007ff936728000 	C:\Windows\System32\combase.dll
0x00007ff9357b0000 - 0x00007ff935887000 	C:\Windows\System32\OLEAUT32.dll
0x00007ff9271c0000 - 0x00007ff9271f2000 	C:\Windows\SYSTEM32\dbgcore.DLL
0x00007ff935140000 - 0x00007ff9351b9000 	C:\Windows\System32\bcryptPrimitives.dll
0x00007ff9219c0000 - 0x00007ff9219e5000 	C:\Program Files\Android\Android Studio\jbr\bin\java.dll
0x00007ff920e00000 - 0x00007ff920e18000 	C:\Program Files\Android\Android Studio\jbr\bin\zip.dll
0x00007ff936c10000 - 0x00007ff93746c000 	C:\Windows\System32\SHELL32.dll
0x00007ff932820000 - 0x00007ff933116000 	C:\Windows\SYSTEM32\windows.storage.dll
0x00007ff9326e0000 - 0x00007ff93281e000 	C:\Windows\SYSTEM32\wintypes.dll
0x00007ff935fc0000 - 0x00007ff9360b5000 	C:\Windows\System32\SHCORE.dll
0x00007ff935f60000 - 0x00007ff935fbe000 	C:\Windows\System32\shlwapi.dll
0x00007ff934880000 - 0x00007ff9348a1000 	C:\Windows\SYSTEM32\profapi.dll
0x00007ff9203f0000 - 0x00007ff920409000 	C:\Program Files\Android\Android Studio\jbr\bin\net.dll
0x00007ff92b600000 - 0x00007ff92b736000 	C:\Windows\SYSTEM32\WINHTTP.dll
0x00007ff933e80000 - 0x00007ff933ee9000 	C:\Windows\system32\mswsock.dll
0x00007ff91f620000 - 0x00007ff91f636000 	C:\Program Files\Android\Android Studio\jbr\bin\nio.dll

dbghelp: loaded successfully - version: 4.0.5 - missing functions: none
symbol engine: initialized successfully - sym options: 0x614 - pdb path: .;C:\Program Files\Android\Android Studio\jbr\bin;C:\Windows\SYSTEM32;C:\Windows\WinSxS\amd64_microsoft.windows.common-controls_6595b64144ccf1df_6.0.22621.3527_none_270e469b73872a76;C:\Program Files\Android\Android Studio\jbr\bin\server

VM Arguments:
java_command: org.jetbrains.kotlin.cli.jvm.K2JVMCompiler @D:\Android\IraniTour\app\build\20240517_12629369780587907312.compiler.options
java_class_path (initial): C:\Users\Sajjad\.gradle\caches\modules-2\files-2.1\org.jetbrains.kotlin\kotlin-compiler-embeddable\1.9.0\2c8c3a7402becca891f12739b3e9fd2dc2adbd7a\kotlin-compiler-embeddable-1.9.0.jar;C:\Users\Sajjad\.gradle\caches\modules-2\files-2.1\org.jetbrains.kotlin\kotlin-stdlib\1.9.0\8ee15ef0c67dc83d874f412d84378d7f0eb50b63\kotlin-stdlib-1.9.0.jar;C:\Users\Sajjad\.gradle\caches\modules-2\files-2.1\org.jetbrains.kotlin\kotlin-script-runtime\1.9.0\4b3102cbbb7e1b58d9d1adf89563f00069ffa7d1\kotlin-script-runtime-1.9.0.jar;C:\Users\Sajjad\.gradle\caches\modules-2\files-2.1\org.jetbrains.kotlin\kotlin-reflect\1.6.10\1cbe9c92c12a94eea200d23c2bbaedaf3daf5132\kotlin-reflect-1.6.10.jar;C:\Users\Sajjad\.gradle\caches\modules-2\files-2.1\org.jetbrains.kotlin\kotlin-daemon-embeddable\1.9.0\186543f5e28cf8d9a0290fecc2cf34301c40a65c\kotlin-daemon-embeddable-1.9.0.jar;C:\Users\Sajjad\.gradle\caches\modules-2\files-2.1\org.jetbrains.intellij.deps\trove4j\1.0.20200330\3afb14d5f9ceb459d724e907a21145e8ff394f02\trove4j-1.0.20200330.jar;C:\Users\Sajjad\.gradle\caches\modules-2\files-2.1\org.jetbrains.kotlin\kotlin-stdlib-common\1.9.0\cd65c21cfd1eec4d44ef09f9f52b6d9f8a720636\kotlin-stdlib-common-1.9.0.jar;C:\Users\Sajjad\.gradle\caches\modules-2\files-2.1\org.jetbrains\annotations\13.0\919f0dfe192fb4e063e7dacadee7f8bb9a2672a9\annotations-13.0.jar
Launcher Type: SUN_STANDARD

[Global flags]
     intx CICompilerCount                          = 12                                        {product} {ergonomic}
     uint ConcGCThreads                            = 3                                         {product} {ergonomic}
     uint G1ConcRefinementThreads                  = 13                                        {product} {ergonomic}
   size_t G1HeapRegionSize                         = 2097152                                   {product} {ergonomic}
    uintx GCDrainStackTargetSize                   = 64                                        {product} {ergonomic}
   size_t InitialHeapSize                          = 264241152                                 {product} {ergonomic}
   size_t MarkStackSize                            = 4194304                                   {product} {ergonomic}
   size_t MaxHeapSize                              = 4227858432                                {product} {ergonomic}
   size_t MaxNewSize                               = 2535456768                                {product} {ergonomic}
   size_t MinHeapDeltaBytes                        = 2097152                                   {product} {ergonomic}
   size_t MinHeapSize                              = 8388608                                   {product} {ergonomic}
    uintx NonNMethodCodeHeapSize                   = 7602480                                {pd product} {ergonomic}
    uintx NonProfiledCodeHeapSize                  = 122027880                              {pd product} {ergonomic}
    uintx ProfiledCodeHeapSize                     = 122027880                              {pd product} {ergonomic}
    uintx ReservedCodeCacheSize                    = 251658240                              {pd product} {ergonomic}
     bool SegmentedCodeCache                       = true                                      {product} {ergonomic}
   size_t SoftMaxHeapSize                          = 4227858432                             {manageable} {ergonomic}
     bool UseCompressedClassPointers               = true                           {product lp64_product} {ergonomic}
     bool UseCompressedOops                        = true                           {product lp64_product} {ergonomic}
     bool UseG1GC                                  = true                                      {product} {ergonomic}
     bool UseLargePagesIndividualAllocation        = false                                  {pd product} {ergonomic}

Logging:
Log output configuration:
 #0: stdout all=warning uptime,level,tags
 #1: stderr all=off uptime,level,tags

Environment Variables:
PATH=C:\Program Files\Common Files\Oracle\Java\javapath;C:\Program Files (x86)\Common Files\Oracle\Java\javapath;C:\Program Files\Microsoft MPI\Bin\;C:\Windows\system32;C:\Windows;C:\Windows\System32\Wbem;C:\Windows\System32\WindowsPowerShell\v1.0\;C:\Windows\System32\OpenSSH\;C:\Program Files (x86)\NVIDIA Corporation\PhysX\Common;C:\Program Files\NVIDIA Corporation\NVIDIA NvDLISR;C:\Program Files\Git\cmd;C:\Program Files\dotnet\;C:\Program Files\Microsoft SQL Server\130\Tools\Binn\;C:\Program Files\Microsoft SQL Server\Client SDK\ODBC\170\Tools\Binn\;C:\Program Files (x86)\Microsoft SQL Server\160\Tools\Binn\;C:\Program Files\Microsoft SQL Server\160\Tools\Binn\;C:\Program Files\Microsoft SQL Server\160\DTS\Binn\;C:\Program Files (x86)\Microsoft SQL Server\160\DTS\Binn\;C:\Program Files\Azure Data Studio\bin;C:\Program Files\Microsoft VS Code\bin;C:\xampp\php;C:\composer;C:\Program Files\nodejs\;C:\Users\Sajjad\AppData\Local\Programs\Python\Launcher\;C:\Users\Sajjad\AppData\Local\Microsoft\WindowsApps;;C:\Program Files\Azure Data Studio\bin;C:\Users\Sajjad\AppData\Roaming\Composer\vendor\bin;C:\Users\Sajjad\AppData\Roaming\npm
USERNAME=Sajjad
OS=Windows_NT
PROCESSOR_IDENTIFIER=Intel64 Family 6 Model 141 Stepping 1, GenuineIntel
TMP=C:\Users\Sajjad\AppData\Local\Temp
TEMP=C:\Users\Sajjad\AppData\Local\Temp



Periodic native trim disabled

JNI global refs:
JNI global refs: 16, weak refs: 0

JNI global refs memory usage: 843, weak refs: 841

OOME stack traces (most recent first):
Classloader memory used:
Loader bootstrap                                                                       : 947K
Loader jdk.internal.loader.ClassLoaders$AppClassLoader                                 : 638K


---------------  S Y S T E M  ---------------

OS:
 Windows 11 , 64 bit Build 22621 (10.0.22621.3527)
OS uptime: 1 days 6:35 hours
Hyper-V role detected

CPU: total 16 (initial active 16) (8 cores per cpu, 2 threads per core) family 6 model 141 stepping 1 microcode 0x34, cx8, cmov, fxsr, ht, mmx, 3dnowpref, sse, sse2, sse3, ssse3, sse4.1, sse4.2, popcnt, lzcnt, tsc, tscinvbit, avx, avx2, aes, erms, clmul, bmi1, bmi2, adx, avx512f, avx512dq, avx512cd, avx512bw, avx512vl, sha, fma, vzeroupper, avx512_vpopcntdq, avx512_vpclmulqdq, avx512_vaes, avx512_vnni, clflush, clflushopt, clwb, avx512_vbmi2, avx512_vbmi, hv
Processor Information for all 16 processors :
  Max Mhz: 2304, Current Mhz: 2304, Mhz Limit: 2304

Memory: 4k page, system-wide physical 16121M (2767M free)
TotalPageFile size 32761M (AvailPageFile size 13150M)
current process WorkingSet (physical memory assigned to process): 74M, peak: 74M
current process commit charge ("private bytes"): 357M, peak: 358M

vm_info: OpenJDK 64-Bit Server VM (17.0.10+0--11572160) for windows-amd64 JRE (17.0.10+0--11572160), built on Mar 13 2024 23:56:38 by "androidbuild" with MS VC++ 16.10 / 16.11 (VS2019)

END.
